Arguments: 
  C:\Program Files\nodejs\node.exe C:\Users\marcouille\AppData\Roaming\npm\node_modules\yarn\bin\yarn.js install

PATH: 
  C:\Users\marcouille\bin;C:\Program Files\Git\mingw64\bin;C:\Program Files\Git\usr\local\bin;C:\Program Files\Git\usr\bin;C:\Program Files\Git\usr\bin;C:\Program Files\Git\mingw64\bin;C:\Program Files\Git\usr\bin;C:\Users\marcouille\bin;C:\ProgramData\Oracle\Java\javapath;C:\WINDOWS\system32;C:\WINDOWS;C:\WINDOWS\System32\Wbem;C:\WINDOWS\System32\WindowsPowerShell\v1.0;C:\Program Files (x86)\ATI Technologies\ATI.ACE\Core-Static;C:\Program Files\Git\cmd;C:\Program Files\Git\mingw64\bin;C:\Program Files\Git\usr\bin;C:\Program Files (x86)\GtkSharp\2.12\bin;C:\Program Files (x86)\Pandoc;C:\app\scala_sdk_2.11.8\bin;C:\Program Files (x86)\Windows Kits\10\Windows Performance Toolkit;C:\Program Files (x86)\Skype\Phone;C:\Program Files\nodejs;C:\Program Files\Java\jdk1.8.0_144\bin;C:\Users\marcouille\AppData\Local\Microsoft\WindowsApps;C:\Program Files\Oracle\VirtualBox;C:\java\apache-maven-3.5.0\bin;C:\Users\marcouille\.windows-build-tools\python27;C:\Program Files\Microsoft VS Code\bin;C:\Users\marcouille\AppData\Local\atom\bin;C:\Users\marcouille\AppData\Roaming\npm;C:\Program Files\Git\usr\bin\vendor_perl;C:\Program Files\Git\usr\bin\core_perl

Yarn version: 
  1.3.2

Node version: 
  8.9.1

Platform: 
  win32 x64

npm manifest: 
  {
    "name": "electron-quick-start",
    "version": "1.0.0",
    "description": "A minimal Electron application",
    "main": "main.js",
    "scripts": {
      "start": "electron ."
    },
    "repository": "https://github.com/electron/electron-quick-start",
    "keywords": [
      "Electron",
      "quick",
      "start",
      "tutorial",
      "demo"
    ],
    "author": "GitHub",
    "license": "CC0-1.0",
    "devDependencies": {
      "electron": "~1.7.8"
    },
    "dependencies": {
      "nedb": "^1.8.0"
    }
  }

yarn manifest: 
  No manifest

Lockfile: 
  No lockfile

Trace: 
  Error: EBUSY: resource busy or locked, unlink 'C:\source\electron-quick-start\node_modules\electron\dist\content_resources_200_percent.pak'
